{"F:\\Reza\\KOHO\\velocityLimits\\velocityLimits\\velocityLimits\\evaluator\\transactionRequest\\evaluator.js": {"path":"F:\\Reza\\KOHO\\velocityLimits\\velocityLimits\\velocityLimits\\evaluator\\transactionRequest\\evaluator.js","statementMap":{"0":{"start":{"line":2,"column":0},"end":{"line":2,"column":26}},"1":{"start":{"line":3,"column":0},"end":{"line":3,"column":38}},"2":{"start":{"line":4,"column":15},"end":{"line":4,"column":62}},"3":{"start":{"line":5,"column":28},"end":{"line":5,"column":83}},"4":{"start":{"line":7,"column":42},"end":{"line":56,"column":3}},"5":{"start":{"line":11,"column":4},"end":{"line":45,"column":6}},"6":{"start":{"line":12,"column":44},"end":{"line":12,"column":55}},"7":{"start":{"line":13,"column":8},"end":{"line":43,"column":11}},"8":{"start":{"line":14,"column":30},"end":{"line":14,"column":65}},"9":{"start":{"line":15,"column":12},"end":{"line":42,"column":15}},"10":{"start":{"line":16,"column":16},"end":{"line":41,"column":19}},"11":{"start":{"line":17,"column":20},"end":{"line":40,"column":23}},"12":{"start":{"line":18,"column":53},"end":{"line":18,"column":54}},"13":{"start":{"line":19,"column":24},"end":{"line":39,"column":27}},"14":{"start":{"line":20,"column":56},"end":{"line":20,"column":57}},"15":{"start":{"line":21,"column":56},"end":{"line":21,"column":57}},"16":{"start":{"line":22,"column":28},"end":{"line":38,"column":31}},"17":{"start":{"line":23,"column":56},"end":{"line":23,"column":117}},"18":{"start":{"line":24,"column":53},"end":{"line":24,"column":71}},"19":{"start":{"line":25,"column":32},"end":{"line":25,"column":56}},"20":{"start":{"line":26,"column":58},"end":{"line":26,"column":177}},"21":{"start":{"line":26,"column":110},"end":{"line":26,"column":174}},"22":{"start":{"line":27,"column":32},"end":{"line":28,"column":43}},"23":{"start":{"line":28,"column":36},"end":{"line":28,"column":43}},"24":{"start":{"line":29,"column":32},"end":{"line":37,"column":33}},"25":{"start":{"line":30,"column":36},"end":{"line":30,"column":79}},"26":{"start":{"line":31,"column":62},"end":{"line":31,"column":142}},"27":{"start":{"line":32,"column":36},"end":{"line":32,"column":92}},"28":{"start":{"line":35,"column":62},"end":{"line":35,"column":143}},"29":{"start":{"line":36,"column":36},"end":{"line":36,"column":92}},"30":{"start":{"line":44,"column":8},"end":{"line":44,"column":45}},"31":{"start":{"line":47,"column":4},"end":{"line":54,"column":6}},"32":{"start":{"line":48,"column":43},"end":{"line":48,"column":92}},"33":{"start":{"line":49,"column":44},"end":{"line":49,"column":94}},"34":{"start":{"line":50,"column":44},"end":{"line":50,"column":110}},"35":{"start":{"line":51,"column":8},"end":{"line":53,"column":70}},"36":{"start":{"line":55,"column":4},"end":{"line":55,"column":32}},"37":{"start":{"line":57,"column":0},"end":{"line":57,"column":52}}},"fnMap":{"0":{"name":"(anonymous_0)","decl":{"start":{"line":7,"column":42},"end":{"line":7,"column":43}},"loc":{"start":{"line":7,"column":54},"end":{"line":56,"column":1}},"line":7},"1":{"name":"TransactionEvaluator","decl":{"start":{"line":8,"column":13},"end":{"line":8,"column":33}},"loc":{"start":{"line":8,"column":36},"end":{"line":9,"column":5}},"line":8},"2":{"name":"(anonymous_2)","decl":{"start":{"line":11,"column":43},"end":{"line":11,"column":44}},"loc":{"start":{"line":11,"column":84},"end":{"line":45,"column":5}},"line":11},"3":{"name":"(anonymous_3)","decl":{"start":{"line":13,"column":46},"end":{"line":13,"column":47}},"loc":{"start":{"line":13,"column":81},"end":{"line":43,"column":9}},"line":13},"4":{"name":"(anonymous_4)","decl":{"start":{"line":15,"column":72},"end":{"line":15,"column":73}},"loc":{"start":{"line":15,"column":105},"end":{"line":42,"column":13}},"line":15},"5":{"name":"(anonymous_5)","decl":{"start":{"line":16,"column":75},"end":{"line":16,"column":76}},"loc":{"start":{"line":16,"column":109},"end":{"line":41,"column":17}},"line":16},"6":{"name":"(anonymous_6)","decl":{"start":{"line":17,"column":79},"end":{"line":17,"column":80}},"loc":{"start":{"line":17,"column":112},"end":{"line":40,"column":21}},"line":17},"7":{"name":"(anonymous_7)","decl":{"start":{"line":19,"column":81},"end":{"line":19,"column":82}},"loc":{"start":{"line":19,"column":113},"end":{"line":39,"column":25}},"line":19},"8":{"name":"(anonymous_8)","decl":{"start":{"line":22,"column":79},"end":{"line":22,"column":80}},"loc":{"start":{"line":22,"column":106},"end":{"line":38,"column":29}},"line":22},"9":{"name":"(anonymous_9)","decl":{"start":{"line":26,"column":95},"end":{"line":26,"column":96}},"loc":{"start":{"line":26,"column":108},"end":{"line":26,"column":176}},"line":26},"10":{"name":"(anonymous_10)","decl":{"start":{"line":47,"column":57},"end":{"line":47,"column":58}},"loc":{"start":{"line":47,"column":150},"end":{"line":54,"column":5}},"line":47}},"branchMap":{"0":{"loc":{"start":{"line":26,"column":117},"end":{"line":26,"column":173}},"type":"binary-expr","locations":[{"start":{"line":26,"column":117},"end":{"line":26,"column":140}},{"start":{"line":26,"column":144},"end":{"line":26,"column":173}}],"line":26},"1":{"loc":{"start":{"line":27,"column":32},"end":{"line":28,"column":43}},"type":"if","locations":[{"start":{"line":27,"column":32},"end":{"line":28,"column":43}},{"start":{"line":27,"column":32},"end":{"line":28,"column":43}}],"line":27},"2":{"loc":{"start":{"line":27,"column":36},"end":{"line":27,"column":89}},"type":"binary-expr","locations":[{"start":{"line":27,"column":36},"end":{"line":27,"column":55}},{"start":{"line":27,"column":59},"end":{"line":27,"column":89}}],"line":27},"3":{"loc":{"start":{"line":29,"column":32},"end":{"line":37,"column":33}},"type":"if","locations":[{"start":{"line":29,"column":32},"end":{"line":37,"column":33}},{"start":{"line":29,"column":32},"end":{"line":37,"column":33}}],"line":29},"4":{"loc":{"start":{"line":51,"column":15},"end":{"line":53,"column":69}},"type":"binary-expr","locations":[{"start":{"line":51,"column":15},"end":{"line":51,"column":68}},{"start":{"line":51,"column":72},"end":{"line":51,"column":141}},{"start":{"line":51,"column":145},"end":{"line":51,"column":200}},{"start":{"line":52,"column":15},"end":{"line":52,"column":84}},{"start":{"line":53,"column":15},"end":{"line":53,"column":69}}],"line":51}},"s":{"0":1,"1":1,"2":1,"3":1,"4":1,"5":1,"6":3,"7":3,"8":3,"9":3,"10":3,"11":3,"12":5,"13":5,"14":5,"15":5,"16":5,"17":8,"18":8,"19":8,"20":8,"21":8,"22":8,"23":1,"24":7,"25":6,"26":6,"27":6,"28":1,"29":1,"30":3,"31":1,"32":11,"33":11,"34":11,"35":11,"36":1,"37":1},"f":{"0":1,"1":0,"2":3,"3":3,"4":3,"5":3,"6":5,"7":5,"8":8,"9":8,"10":11},"b":{"0":[8,1],"1":[1,7],"2":[8,8],"3":[6,1],"4":[11,11,10,9,9]},"inputSourceMap":null,"_coverageSchema":"1a1c01bbd47fc00a2c39e90264f33305004495a9","hash":"d4880469b5ac1cd9ccfd1583040c9e929f4589c1"}
,"F:\\Reza\\KOHO\\velocityLimits\\velocityLimits\\velocityLimits\\handler\\transactionHandler\\transaction.js": {"path":"F:\\Reza\\KOHO\\velocityLimits\\velocityLimits\\velocityLimits\\handler\\transactionHandler\\transaction.js","statementMap":{"0":{"start":{"line":2,"column":0},"end":{"line":2,"column":26}},"1":{"start":{"line":3,"column":0},"end":{"line":3,"column":38}},"2":{"start":{"line":4,"column":20},"end":{"line":4,"column":67}},"3":{"start":{"line":5,"column":28},"end":{"line":5,"column":98}},"4":{"start":{"line":6,"column":25},"end":{"line":6,"column":92}},"5":{"start":{"line":7,"column":27},"end":{"line":7,"column":96}},"6":{"start":{"line":8,"column":26},"end":{"line":8,"column":94}},"7":{"start":{"line":9,"column":26},"end":{"line":9,"column":94}},"8":{"start":{"line":10,"column":42},"end":{"line":87,"column":3}},"9":{"start":{"line":14,"column":4},"end":{"line":20,"column":6}},"10":{"start":{"line":15,"column":26},"end":{"line":15,"column":57}},"11":{"start":{"line":16,"column":8},"end":{"line":16,"column":47}},"12":{"start":{"line":17,"column":8},"end":{"line":17,"column":65}},"13":{"start":{"line":18,"column":8},"end":{"line":18,"column":51}},"14":{"start":{"line":19,"column":8},"end":{"line":19,"column":27}},"15":{"start":{"line":22,"column":4},"end":{"line":27,"column":6}},"16":{"start":{"line":23,"column":29},"end":{"line":23,"column":70}},"17":{"start":{"line":24,"column":8},"end":{"line":24,"column":33}},"18":{"start":{"line":25,"column":8},"end":{"line":25,"column":63}},"19":{"start":{"line":26,"column":8},"end":{"line":26,"column":30}},"20":{"start":{"line":29,"column":4},"end":{"line":34,"column":6}},"21":{"start":{"line":30,"column":30},"end":{"line":30,"column":73}},"22":{"start":{"line":31,"column":8},"end":{"line":31,"column":36}},"23":{"start":{"line":32,"column":8},"end":{"line":32,"column":72}},"24":{"start":{"line":33,"column":8},"end":{"line":33,"column":31}},"25":{"start":{"line":36,"column":4},"end":{"line":41,"column":6}},"26":{"start":{"line":37,"column":31},"end":{"line":37,"column":76}},"27":{"start":{"line":38,"column":8},"end":{"line":38,"column":39}},"28":{"start":{"line":39,"column":8},"end":{"line":39,"column":75}},"29":{"start":{"line":40,"column":8},"end":{"line":40,"column":32}},"30":{"start":{"line":43,"column":4},"end":{"line":48,"column":6}},"31":{"start":{"line":44,"column":30},"end":{"line":44,"column":73}},"32":{"start":{"line":45,"column":8},"end":{"line":45,"column":36}},"33":{"start":{"line":46,"column":8},"end":{"line":46,"column":76}},"34":{"start":{"line":47,"column":8},"end":{"line":47,"column":31}},"35":{"start":{"line":50,"column":4},"end":{"line":55,"column":6}},"36":{"start":{"line":51,"column":34},"end":{"line":51,"column":81}},"37":{"start":{"line":52,"column":8},"end":{"line":52,"column":54}},"38":{"start":{"line":53,"column":8},"end":{"line":53,"column":78}},"39":{"start":{"line":54,"column":8},"end":{"line":54,"column":35}},"40":{"start":{"line":57,"column":4},"end":{"line":61,"column":6}},"41":{"start":{"line":58,"column":38},"end":{"line":58,"column":112}},"42":{"start":{"line":59,"column":34},"end":{"line":59,"column":134}},"43":{"start":{"line":60,"column":8},"end":{"line":60,"column":35}},"44":{"start":{"line":62,"column":4},"end":{"line":66,"column":6}},"45":{"start":{"line":63,"column":39},"end":{"line":63,"column":115}},"46":{"start":{"line":64,"column":38},"end":{"line":64,"column":121}},"47":{"start":{"line":65,"column":8},"end":{"line":65,"column":39}},"48":{"start":{"line":67,"column":4},"end":{"line":71,"column":6}},"49":{"start":{"line":68,"column":38},"end":{"line":68,"column":113}},"50":{"start":{"line":69,"column":39},"end":{"line":69,"column":123}},"51":{"start":{"line":70,"column":8},"end":{"line":70,"column":40}},"52":{"start":{"line":72,"column":4},"end":{"line":76,"column":6}},"53":{"start":{"line":73,"column":37},"end":{"line":73,"column":111}},"54":{"start":{"line":74,"column":38},"end":{"line":74,"column":119}},"55":{"start":{"line":75,"column":8},"end":{"line":75,"column":39}},"56":{"start":{"line":77,"column":4},"end":{"line":81,"column":6}},"57":{"start":{"line":78,"column":32},"end":{"line":78,"column":96}},"58":{"start":{"line":79,"column":37},"end":{"line":79,"column":111}},"59":{"start":{"line":80,"column":8},"end":{"line":80,"column":38}},"60":{"start":{"line":82,"column":4},"end":{"line":85,"column":6}},"61":{"start":{"line":83,"column":32},"end":{"line":83,"column":93}},"62":{"start":{"line":84,"column":8},"end":{"line":84,"column":33}},"63":{"start":{"line":86,"column":4},"end":{"line":86,"column":32}},"64":{"start":{"line":88,"column":0},"end":{"line":88,"column":52}}},"fnMap":{"0":{"name":"(anonymous_0)","decl":{"start":{"line":10,"column":42},"end":{"line":10,"column":43}},"loc":{"start":{"line":10,"column":54},"end":{"line":87,"column":1}},"line":10},"1":{"name":"TransactionFunctions","decl":{"start":{"line":11,"column":13},"end":{"line":11,"column":33}},"loc":{"start":{"line":11,"column":36},"end":{"line":12,"column":5}},"line":11},"2":{"name":"(anonymous_2)","decl":{"start":{"line":14,"column":48},"end":{"line":14,"column":49}},"loc":{"start":{"line":14,"column":78},"end":{"line":20,"column":5}},"line":14},"3":{"name":"(anonymous_3)","decl":{"start":{"line":22,"column":47},"end":{"line":22,"column":48}},"loc":{"start":{"line":22,"column":75},"end":{"line":27,"column":5}},"line":22},"4":{"name":"(anonymous_4)","decl":{"start":{"line":29,"column":48},"end":{"line":29,"column":49}},"loc":{"start":{"line":29,"column":80},"end":{"line":34,"column":5}},"line":29},"5":{"name":"(anonymous_5)","decl":{"start":{"line":36,"column":49},"end":{"line":36,"column":50}},"loc":{"start":{"line":36,"column":83},"end":{"line":41,"column":5}},"line":36},"6":{"name":"(anonymous_6)","decl":{"start":{"line":43,"column":48},"end":{"line":43,"column":49}},"loc":{"start":{"line":43,"column":82},"end":{"line":48,"column":5}},"line":43},"7":{"name":"(anonymous_7)","decl":{"start":{"line":50,"column":50},"end":{"line":50,"column":51}},"loc":{"start":{"line":50,"column":90},"end":{"line":55,"column":5}},"line":50},"8":{"name":"(anonymous_8)","decl":{"start":{"line":57,"column":53},"end":{"line":57,"column":54}},"loc":{"start":{"line":57,"column":94},"end":{"line":61,"column":5}},"line":57},"9":{"name":"(anonymous_9)","decl":{"start":{"line":62,"column":50},"end":{"line":62,"column":51}},"loc":{"start":{"line":62,"column":91},"end":{"line":66,"column":5}},"line":62},"10":{"name":"(anonymous_10)","decl":{"start":{"line":67,"column":52},"end":{"line":67,"column":53}},"loc":{"start":{"line":67,"column":93},"end":{"line":71,"column":5}},"line":67},"11":{"name":"(anonymous_11)","decl":{"start":{"line":72,"column":51},"end":{"line":72,"column":52}},"loc":{"start":{"line":72,"column":92},"end":{"line":76,"column":5}},"line":72},"12":{"name":"(anonymous_12)","decl":{"start":{"line":77,"column":50},"end":{"line":77,"column":51}},"loc":{"start":{"line":77,"column":91},"end":{"line":81,"column":5}},"line":77},"13":{"name":"(anonymous_13)","decl":{"start":{"line":82,"column":51},"end":{"line":82,"column":52}},"loc":{"start":{"line":82,"column":81},"end":{"line":85,"column":5}},"line":82}},"branchMap":{},"s":{"0":3,"1":3,"2":3,"3":3,"4":3,"5":3,"6":3,"7":3,"8":3,"9":3,"10":10,"11":10,"12":10,"13":10,"14":10,"15":3,"16":6,"17":6,"18":6,"19":6,"20":3,"21":6,"22":6,"23":6,"24":6,"25":3,"26":4,"27":4,"28":4,"29":4,"30":3,"31":4,"32":4,"33":4,"34":4,"35":3,"36":4,"37":4,"38":4,"39":4,"40":3,"41":3,"42":3,"43":3,"44":3,"45":3,"46":3,"47":3,"48":3,"49":3,"50":3,"51":3,"52":3,"53":5,"54":5,"55":5,"56":3,"57":5,"58":5,"59":5,"60":3,"61":9,"62":9,"63":3,"64":3},"f":{"0":3,"1":0,"2":10,"3":6,"4":6,"5":4,"6":4,"7":4,"8":3,"9":3,"10":3,"11":5,"12":5,"13":9},"b":{},"inputSourceMap":null,"_coverageSchema":"1a1c01bbd47fc00a2c39e90264f33305004495a9","hash":"46352d9bb05d4a3c705d2b26d8d61e9efdd07dd9"}
,"F:\\Reza\\KOHO\\velocityLimits\\velocityLimits\\velocityLimits\\handler\\tree_node\\transaction\\inquiry\\inquiryCustomerTransaction.js": {"path":"F:\\Reza\\KOHO\\velocityLimits\\velocityLimits\\velocityLimits\\handler\\tree_node\\transaction\\inquiry\\inquiryCustomerTransaction.js","statementMap":{"0":{"start":{"line":2,"column":0},"end":{"line":2,"column":26}},"1":{"start":{"line":3,"column":0},"end":{"line":3,"column":44}},"2":{"start":{"line":4,"column":20},"end":{"line":4,"column":75}},"3":{"start":{"line":5,"column":48},"end":{"line":39,"column":3}},"4":{"start":{"line":8,"column":4},"end":{"line":13,"column":6}},"5":{"start":{"line":9,"column":38},"end":{"line":9,"column":148}},"6":{"start":{"line":9,"column":108},"end":{"line":9,"column":145}},"7":{"start":{"line":10,"column":8},"end":{"line":11,"column":101}},"8":{"start":{"line":11,"column":12},"end":{"line":11,"column":101}},"9":{"start":{"line":12,"column":8},"end":{"line":12,"column":42}},"10":{"start":{"line":14,"column":4},"end":{"line":20,"column":6}},"11":{"start":{"line":15,"column":38},"end":{"line":15,"column":129}},"12":{"start":{"line":16,"column":39},"end":{"line":16,"column":156}},"13":{"start":{"line":16,"column":114},"end":{"line":16,"column":153}},"14":{"start":{"line":17,"column":8},"end":{"line":18,"column":102}},"15":{"start":{"line":18,"column":12},"end":{"line":18,"column":102}},"16":{"start":{"line":19,"column":8},"end":{"line":19,"column":43}},"17":{"start":{"line":21,"column":4},"end":{"line":27,"column":6}},"18":{"start":{"line":22,"column":39},"end":{"line":22,"column":131}},"19":{"start":{"line":23,"column":38},"end":{"line":23,"column":153}},"20":{"start":{"line":23,"column":113},"end":{"line":23,"column":150}},"21":{"start":{"line":24,"column":8},"end":{"line":25,"column":101}},"22":{"start":{"line":25,"column":12},"end":{"line":25,"column":101}},"23":{"start":{"line":26,"column":8},"end":{"line":26,"column":42}},"24":{"start":{"line":28,"column":4},"end":{"line":34,"column":6}},"25":{"start":{"line":29,"column":38},"end":{"line":29,"column":129}},"26":{"start":{"line":30,"column":37},"end":{"line":30,"column":148}},"27":{"start":{"line":30,"column":110},"end":{"line":30,"column":145}},"28":{"start":{"line":31,"column":8},"end":{"line":32,"column":100}},"29":{"start":{"line":32,"column":12},"end":{"line":32,"column":100}},"30":{"start":{"line":33,"column":8},"end":{"line":33,"column":41}},"31":{"start":{"line":35,"column":4},"end":{"line":37,"column":6}},"32":{"start":{"line":36,"column":8},"end":{"line":36,"column":112}},"33":{"start":{"line":36,"column":85},"end":{"line":36,"column":108}},"34":{"start":{"line":38,"column":4},"end":{"line":38,"column":38}},"35":{"start":{"line":40,"column":0},"end":{"line":40,"column":64}}},"fnMap":{"0":{"name":"(anonymous_0)","decl":{"start":{"line":5,"column":48},"end":{"line":5,"column":49}},"loc":{"start":{"line":5,"column":60},"end":{"line":39,"column":1}},"line":5},"1":{"name":"InquiryCustomerTransaction","decl":{"start":{"line":6,"column":13},"end":{"line":6,"column":39}},"loc":{"start":{"line":6,"column":42},"end":{"line":7,"column":5}},"line":6},"2":{"name":"(anonymous_2)","decl":{"start":{"line":8,"column":62},"end":{"line":8,"column":63}},"loc":{"start":{"line":8,"column":108},"end":{"line":13,"column":5}},"line":8},"3":{"name":"(anonymous_3)","decl":{"start":{"line":9,"column":93},"end":{"line":9,"column":94}},"loc":{"start":{"line":9,"column":106},"end":{"line":9,"column":147}},"line":9},"4":{"name":"(anonymous_4)","decl":{"start":{"line":14,"column":63},"end":{"line":14,"column":64}},"loc":{"start":{"line":14,"column":109},"end":{"line":20,"column":5}},"line":14},"5":{"name":"(anonymous_5)","decl":{"start":{"line":16,"column":99},"end":{"line":16,"column":100}},"loc":{"start":{"line":16,"column":112},"end":{"line":16,"column":155}},"line":16},"6":{"name":"(anonymous_6)","decl":{"start":{"line":21,"column":62},"end":{"line":21,"column":63}},"loc":{"start":{"line":21,"column":108},"end":{"line":27,"column":5}},"line":21},"7":{"name":"(anonymous_7)","decl":{"start":{"line":23,"column":98},"end":{"line":23,"column":99}},"loc":{"start":{"line":23,"column":111},"end":{"line":23,"column":152}},"line":23},"8":{"name":"(anonymous_8)","decl":{"start":{"line":28,"column":61},"end":{"line":28,"column":62}},"loc":{"start":{"line":28,"column":107},"end":{"line":34,"column":5}},"line":28},"9":{"name":"(anonymous_9)","decl":{"start":{"line":30,"column":95},"end":{"line":30,"column":96}},"loc":{"start":{"line":30,"column":108},"end":{"line":30,"column":147}},"line":30},"10":{"name":"(anonymous_10)","decl":{"start":{"line":35,"column":61},"end":{"line":35,"column":62}},"loc":{"start":{"line":35,"column":98},"end":{"line":37,"column":5}},"line":35},"11":{"name":"(anonymous_11)","decl":{"start":{"line":36,"column":70},"end":{"line":36,"column":71}},"loc":{"start":{"line":36,"column":83},"end":{"line":36,"column":110}},"line":36}},"branchMap":{"0":{"loc":{"start":{"line":10,"column":8},"end":{"line":11,"column":101}},"type":"if","locations":[{"start":{"line":10,"column":8},"end":{"line":11,"column":101}},{"start":{"line":10,"column":8},"end":{"line":11,"column":101}}],"line":10},"1":{"loc":{"start":{"line":10,"column":12},"end":{"line":10,"column":76}},"type":"binary-expr","locations":[{"start":{"line":10,"column":12},"end":{"line":10,"column":36}},{"start":{"line":10,"column":40},"end":{"line":10,"column":76}}],"line":10},"2":{"loc":{"start":{"line":17,"column":8},"end":{"line":18,"column":102}},"type":"if","locations":[{"start":{"line":17,"column":8},"end":{"line":18,"column":102}},{"start":{"line":17,"column":8},"end":{"line":18,"column":102}}],"line":17},"3":{"loc":{"start":{"line":17,"column":12},"end":{"line":17,"column":78}},"type":"binary-expr","locations":[{"start":{"line":17,"column":12},"end":{"line":17,"column":37}},{"start":{"line":17,"column":41},"end":{"line":17,"column":78}}],"line":17},"4":{"loc":{"start":{"line":24,"column":8},"end":{"line":25,"column":101}},"type":"if","locations":[{"start":{"line":24,"column":8},"end":{"line":25,"column":101}},{"start":{"line":24,"column":8},"end":{"line":25,"column":101}}],"line":24},"5":{"loc":{"start":{"line":24,"column":12},"end":{"line":24,"column":76}},"type":"binary-expr","locations":[{"start":{"line":24,"column":12},"end":{"line":24,"column":36}},{"start":{"line":24,"column":40},"end":{"line":24,"column":76}}],"line":24},"6":{"loc":{"start":{"line":31,"column":8},"end":{"line":32,"column":100}},"type":"if","locations":[{"start":{"line":31,"column":8},"end":{"line":32,"column":100}},{"start":{"line":31,"column":8},"end":{"line":32,"column":100}}],"line":31},"7":{"loc":{"start":{"line":31,"column":12},"end":{"line":31,"column":74}},"type":"binary-expr","locations":[{"start":{"line":31,"column":12},"end":{"line":31,"column":35}},{"start":{"line":31,"column":39},"end":{"line":31,"column":74}}],"line":31}},"s":{"0":3,"1":3,"2":3,"3":3,"4":3,"5":31,"6":31,"7":31,"8":2,"9":29,"10":3,"11":23,"12":23,"13":23,"14":23,"15":2,"16":21,"17":3,"18":13,"19":13,"20":14,"21":13,"22":2,"23":11,"24":3,"25":7,"26":7,"27":8,"28":7,"29":2,"30":5,"31":3,"32":6,"33":6,"34":3,"35":3},"f":{"0":3,"1":0,"2":31,"3":31,"4":23,"5":23,"6":13,"7":14,"8":7,"9":8,"10":6,"11":6},"b":{"0":[2,29],"1":[31,31],"2":[2,21],"3":[23,23],"4":[2,11],"5":[13,13],"6":[2,5],"7":[7,7]},"inputSourceMap":null,"_coverageSchema":"1a1c01bbd47fc00a2c39e90264f33305004495a9","hash":"80691e60fec64de2f51b9f3d722356d16c8b1c58"}
,"F:\\Reza\\KOHO\\velocityLimits\\velocityLimits\\velocityLimits\\handler\\tree_node\\transaction\\nodeHandler\\TransactionNodeHandler.js": {"path":"F:\\Reza\\KOHO\\velocityLimits\\velocityLimits\\velocityLimits\\handler\\tree_node\\transaction\\nodeHandler\\TransactionNodeHandler.js","statementMap":{"0":{"start":{"line":2,"column":0},"end":{"line":2,"column":26}},"1":{"start":{"line":3,"column":0},"end":{"line":3,"column":40}},"2":{"start":{"line":4,"column":8},"end":{"line":4,"column":58}},"3":{"start":{"line":5,"column":11},"end":{"line":5,"column":59}},"4":{"start":{"line":6,"column":44},"end":{"line":38,"column":3}},"5":{"start":{"line":9,"column":4},"end":{"line":12,"column":6}},"6":{"start":{"line":10,"column":25},"end":{"line":10,"column":108}},"7":{"start":{"line":11,"column":8},"end":{"line":11,"column":55}},"8":{"start":{"line":13,"column":4},"end":{"line":16,"column":6}},"9":{"start":{"line":14,"column":25},"end":{"line":14,"column":105}},"10":{"start":{"line":15,"column":8},"end":{"line":15,"column":79}},"11":{"start":{"line":17,"column":4},"end":{"line":21,"column":6}},"12":{"start":{"line":18,"column":25},"end":{"line":18,"column":107}},"13":{"start":{"line":19,"column":42},"end":{"line":19,"column":144}},"14":{"start":{"line":20,"column":8},"end":{"line":20,"column":82}},"15":{"start":{"line":22,"column":4},"end":{"line":26,"column":6}},"16":{"start":{"line":23,"column":25},"end":{"line":23,"column":106}},"17":{"start":{"line":24,"column":43},"end":{"line":24,"column":146}},"18":{"start":{"line":25,"column":8},"end":{"line":25,"column":82}},"19":{"start":{"line":27,"column":4},"end":{"line":31,"column":6}},"20":{"start":{"line":28,"column":25},"end":{"line":28,"column":105}},"21":{"start":{"line":29,"column":42},"end":{"line":29,"column":144}},"22":{"start":{"line":30,"column":8},"end":{"line":30,"column":80}},"23":{"start":{"line":32,"column":4},"end":{"line":36,"column":6}},"24":{"start":{"line":33,"column":25},"end":{"line":33,"column":91}},"25":{"start":{"line":34,"column":41},"end":{"line":34,"column":142}},"26":{"start":{"line":35,"column":8},"end":{"line":35,"column":74}},"27":{"start":{"line":37,"column":4},"end":{"line":37,"column":34}},"28":{"start":{"line":39,"column":0},"end":{"line":39,"column":56}}},"fnMap":{"0":{"name":"(anonymous_0)","decl":{"start":{"line":6,"column":44},"end":{"line":6,"column":45}},"loc":{"start":{"line":6,"column":56},"end":{"line":38,"column":1}},"line":6},"1":{"name":"TransactionNodeHandler","decl":{"start":{"line":7,"column":13},"end":{"line":7,"column":35}},"loc":{"start":{"line":7,"column":38},"end":{"line":8,"column":5}},"line":7},"2":{"name":"(anonymous_2)","decl":{"start":{"line":9,"column":56},"end":{"line":9,"column":57}},"loc":{"start":{"line":9,"column":132},"end":{"line":12,"column":5}},"line":9},"3":{"name":"(anonymous_3)","decl":{"start":{"line":13,"column":60},"end":{"line":13,"column":61}},"loc":{"start":{"line":13,"column":132},"end":{"line":16,"column":5}},"line":13},"4":{"name":"(anonymous_4)","decl":{"start":{"line":17,"column":61},"end":{"line":17,"column":62}},"loc":{"start":{"line":17,"column":133},"end":{"line":21,"column":5}},"line":17},"5":{"name":"(anonymous_5)","decl":{"start":{"line":22,"column":60},"end":{"line":22,"column":61}},"loc":{"start":{"line":22,"column":132},"end":{"line":26,"column":5}},"line":22},"6":{"name":"(anonymous_6)","decl":{"start":{"line":27,"column":59},"end":{"line":27,"column":60}},"loc":{"start":{"line":27,"column":131},"end":{"line":31,"column":5}},"line":27},"7":{"name":"(anonymous_7)","decl":{"start":{"line":32,"column":52},"end":{"line":32,"column":53}},"loc":{"start":{"line":32,"column":124},"end":{"line":36,"column":5}},"line":32}},"branchMap":{},"s":{"0":2,"1":2,"2":2,"3":2,"4":2,"5":2,"6":3,"7":3,"8":2,"9":0,"10":0,"11":2,"12":0,"13":0,"14":0,"15":2,"16":2,"17":2,"18":2,"19":2,"20":0,"21":0,"22":0,"23":2,"24":4,"25":4,"26":4,"27":2,"28":2},"f":{"0":2,"1":0,"2":3,"3":0,"4":0,"5":2,"6":0,"7":4},"b":{},"inputSourceMap":null,"_coverageSchema":"1a1c01bbd47fc00a2c39e90264f33305004495a9","hash":"a60b7b24eeeaf2930129ec3572d61f8719d41200"}
,"F:\\Reza\\KOHO\\velocityLimits\\velocityLimits\\velocityLimits\\handler\\tree_node\\transaction\\tree\\customerTransactionHandler.js": {"path":"F:\\Reza\\KOHO\\velocityLimits\\velocityLimits\\velocityLimits\\handler\\tree_node\\transaction\\tree\\customerTransactionHandler.js","statementMap":{"0":{"start":{"line":2,"column":0},"end":{"line":2,"column":26}},"1":{"start":{"line":3,"column":0},"end":{"line":3,"column":44}},"2":{"start":{"line":4,"column":18},"end":{"line":4,"column":94}},"3":{"start":{"line":5,"column":21},"end":{"line":5,"column":97}},"4":{"start":{"line":6,"column":24},"end":{"line":6,"column":70}},"5":{"start":{"line":7,"column":33},"end":{"line":7,"column":91}},"6":{"start":{"line":8,"column":48},"end":{"line":33,"column":3}},"7":{"start":{"line":11,"column":4},"end":{"line":31,"column":6}},"8":{"start":{"line":12,"column":44},"end":{"line":12,"column":55}},"9":{"start":{"line":13,"column":8},"end":{"line":29,"column":11}},"10":{"start":{"line":14,"column":32},"end":{"line":14,"column":107}},"11":{"start":{"line":15,"column":42},"end":{"line":15,"column":153}},"12":{"start":{"line":15,"column":94},"end":{"line":15,"column":150}},"13":{"start":{"line":16,"column":44},"end":{"line":16,"column":70}},"14":{"start":{"line":17,"column":12},"end":{"line":28,"column":139}},"15":{"start":{"line":18,"column":16},"end":{"line":18,"column":147}},"16":{"start":{"line":19,"column":17},"end":{"line":28,"column":139}},"17":{"start":{"line":20,"column":16},"end":{"line":20,"column":147}},"18":{"start":{"line":21,"column":17},"end":{"line":28,"column":139}},"19":{"start":{"line":22,"column":16},"end":{"line":22,"column":148}},"20":{"start":{"line":23,"column":17},"end":{"line":28,"column":139}},"21":{"start":{"line":24,"column":16},"end":{"line":24,"column":147}},"22":{"start":{"line":25,"column":17},"end":{"line":28,"column":139}},"23":{"start":{"line":26,"column":16},"end":{"line":26,"column":146}},"24":{"start":{"line":28,"column":16},"end":{"line":28,"column":139}},"25":{"start":{"line":30,"column":8},"end":{"line":30,"column":45}},"26":{"start":{"line":32,"column":4},"end":{"line":32,"column":38}},"27":{"start":{"line":34,"column":0},"end":{"line":34,"column":64}}},"fnMap":{"0":{"name":"(anonymous_0)","decl":{"start":{"line":8,"column":48},"end":{"line":8,"column":49}},"loc":{"start":{"line":8,"column":60},"end":{"line":33,"column":1}},"line":8},"1":{"name":"CustomerTransactionHandler","decl":{"start":{"line":9,"column":13},"end":{"line":9,"column":39}},"loc":{"start":{"line":9,"column":42},"end":{"line":10,"column":5}},"line":9},"2":{"name":"(anonymous_2)","decl":{"start":{"line":11,"column":63},"end":{"line":11,"column":64}},"loc":{"start":{"line":11,"column":93},"end":{"line":31,"column":5}},"line":11},"3":{"name":"(anonymous_3)","decl":{"start":{"line":13,"column":35},"end":{"line":13,"column":36}},"loc":{"start":{"line":13,"column":65},"end":{"line":29,"column":9}},"line":13},"4":{"name":"(anonymous_4)","decl":{"start":{"line":15,"column":79},"end":{"line":15,"column":80}},"loc":{"start":{"line":15,"column":92},"end":{"line":15,"column":152}},"line":15}},"branchMap":{"0":{"loc":{"start":{"line":17,"column":12},"end":{"line":28,"column":139}},"type":"if","locations":[{"start":{"line":17,"column":12},"end":{"line":28,"column":139}},{"start":{"line":17,"column":12},"end":{"line":28,"column":139}}],"line":17},"1":{"loc":{"start":{"line":17,"column":16},"end":{"line":17,"column":79}},"type":"binary-expr","locations":[{"start":{"line":17,"column":16},"end":{"line":17,"column":40}},{"start":{"line":17,"column":44},"end":{"line":17,"column":79}}],"line":17},"2":{"loc":{"start":{"line":19,"column":17},"end":{"line":28,"column":139}},"type":"if","locations":[{"start":{"line":19,"column":17},"end":{"line":28,"column":139}},{"start":{"line":19,"column":17},"end":{"line":28,"column":139}}],"line":19},"3":{"loc":{"start":{"line":21,"column":17},"end":{"line":28,"column":139}},"type":"if","locations":[{"start":{"line":21,"column":17},"end":{"line":28,"column":139}},{"start":{"line":21,"column":17},"end":{"line":28,"column":139}}],"line":21},"4":{"loc":{"start":{"line":23,"column":17},"end":{"line":28,"column":139}},"type":"if","locations":[{"start":{"line":23,"column":17},"end":{"line":28,"column":139}},{"start":{"line":23,"column":17},"end":{"line":28,"column":139}}],"line":23},"5":{"loc":{"start":{"line":25,"column":17},"end":{"line":28,"column":139}},"type":"if","locations":[{"start":{"line":25,"column":17},"end":{"line":28,"column":139}},{"start":{"line":25,"column":17},"end":{"line":28,"column":139}}],"line":25}},"s":{"0":1,"1":1,"2":1,"3":1,"4":1,"5":1,"6":1,"7":1,"8":3,"9":3,"10":8,"11":8,"12":5,"13":8,"14":8,"15":3,"16":5,"17":0,"18":5,"19":0,"20":5,"21":2,"22":3,"23":0,"24":3,"25":3,"26":1,"27":1},"f":{"0":1,"1":0,"2":3,"3":8,"4":5},"b":{"0":[3,5],"1":[8,8],"2":[0,5],"3":[0,5],"4":[2,3],"5":[0,3]},"inputSourceMap":null,"_coverageSchema":"1a1c01bbd47fc00a2c39e90264f33305004495a9","hash":"b27c58d48994b961ebcea994cb9e04ef05e8b6f1"}
,"F:\\Reza\\KOHO\\velocityLimits\\velocityLimits\\velocityLimits\\models\\common\\dateTimeParts.js": {"path":"F:\\Reza\\KOHO\\velocityLimits\\velocityLimits\\velocityLimits\\models\\common\\dateTimeParts.js","statementMap":{"0":{"start":{"line":2,"column":0},"end":{"line":2,"column":26}},"1":{"start":{"line":3,"column":0},"end":{"line":3,"column":31}},"2":{"start":{"line":4,"column":35},"end":{"line":8,"column":3}},"3":{"start":{"line":7,"column":4},"end":{"line":7,"column":25}},"4":{"start":{"line":9,"column":0},"end":{"line":9,"column":38}}},"fnMap":{"0":{"name":"(anonymous_0)","decl":{"start":{"line":4,"column":35},"end":{"line":4,"column":36}},"loc":{"start":{"line":4,"column":47},"end":{"line":8,"column":1}},"line":4},"1":{"name":"DateTimeParts","decl":{"start":{"line":5,"column":13},"end":{"line":5,"column":26}},"loc":{"start":{"line":5,"column":29},"end":{"line":6,"column":5}},"line":5}},"branchMap":{},"s":{"0":5,"1":5,"2":5,"3":5,"4":5},"f":{"0":5,"1":32},"b":{},"inputSourceMap":null,"_coverageSchema":"1a1c01bbd47fc00a2c39e90264f33305004495a9","hash":"8a7806a48d4ee2e55b14cfba93e9060c63d0692c"}
,"F:\\Reza\\KOHO\\velocityLimits\\velocityLimits\\velocityLimits\\models\\transaction\\transaction.js": {"path":"F:\\Reza\\KOHO\\velocityLimits\\velocityLimits\\velocityLimits\\models\\transaction\\transaction.js","statementMap":{"0":{"start":{"line":2,"column":0},"end":{"line":2,"column":26}},"1":{"start":{"line":3,"column":0},"end":{"line":3,"column":29}},"2":{"start":{"line":4,"column":33},"end":{"line":8,"column":3}},"3":{"start":{"line":7,"column":4},"end":{"line":7,"column":23}},"4":{"start":{"line":9,"column":0},"end":{"line":9,"column":34}}},"fnMap":{"0":{"name":"(anonymous_0)","decl":{"start":{"line":4,"column":33},"end":{"line":4,"column":34}},"loc":{"start":{"line":4,"column":45},"end":{"line":8,"column":1}},"line":4},"1":{"name":"Transaction","decl":{"start":{"line":5,"column":13},"end":{"line":5,"column":24}},"loc":{"start":{"line":5,"column":27},"end":{"line":6,"column":5}},"line":5}},"branchMap":{},"s":{"0":4,"1":4,"2":4,"3":4,"4":4},"f":{"0":4,"1":23},"b":{},"inputSourceMap":null,"_coverageSchema":"1a1c01bbd47fc00a2c39e90264f33305004495a9","hash":"be8618fc9fd20adfc74a2b287873776e83f30792"}
,"F:\\Reza\\KOHO\\velocityLimits\\velocityLimits\\velocityLimits\\models\\transaction\\transactionRequest.js": {"path":"F:\\Reza\\KOHO\\velocityLimits\\velocityLimits\\velocityLimits\\models\\transaction\\transactionRequest.js","statementMap":{"0":{"start":{"line":2,"column":16},"end":{"line":14,"column":4}},"1":{"start":{"line":3,"column":24},"end":{"line":8,"column":5}},"2":{"start":{"line":4,"column":8},"end":{"line":6,"column":110}},"3":{"start":{"line":5,"column":69},"end":{"line":5,"column":85}},"4":{"start":{"line":6,"column":30},"end":{"line":6,"column":107}},"5":{"start":{"line":6,"column":47},"end":{"line":6,"column":107}},"6":{"start":{"line":6,"column":95},"end":{"line":6,"column":107}},"7":{"start":{"line":7,"column":8},"end":{"line":7,"column":35}},"8":{"start":{"line":9,"column":4},"end":{"line":13,"column":6}},"9":{"start":{"line":10,"column":8},"end":{"line":10,"column":28}},"10":{"start":{"line":11,"column":24},"end":{"line":11,"column":45}},"11":{"start":{"line":12,"column":8},"end":{"line":12,"column":93}},"12":{"start":{"line":15,"column":0},"end":{"line":15,"column":26}},"13":{"start":{"line":16,"column":0},"end":{"line":16,"column":36}},"14":{"start":{"line":17,"column":20},"end":{"line":17,"column":44}},"15":{"start":{"line":18,"column":40},"end":{"line":24,"column":28}},"16":{"start":{"line":19,"column":4},"end":{"line":19,"column":42}},"17":{"start":{"line":21,"column":8},"end":{"line":21,"column":72}},"18":{"start":{"line":23,"column":4},"end":{"line":23,"column":30}},"19":{"start":{"line":25,"column":0},"end":{"line":25,"column":48}}},"fnMap":{"0":{"name":"(anonymous_0)","decl":{"start":{"line":2,"column":45},"end":{"line":2,"column":46}},"loc":{"start":{"line":2,"column":57},"end":{"line":14,"column":1}},"line":2},"1":{"name":"(anonymous_1)","decl":{"start":{"line":3,"column":24},"end":{"line":3,"column":25}},"loc":{"start":{"line":3,"column":40},"end":{"line":8,"column":5}},"line":3},"2":{"name":"(anonymous_2)","decl":{"start":{"line":5,"column":51},"end":{"line":5,"column":52}},"loc":{"start":{"line":5,"column":67},"end":{"line":5,"column":87}},"line":5},"3":{"name":"(anonymous_3)","decl":{"start":{"line":6,"column":12},"end":{"line":6,"column":13}},"loc":{"start":{"line":6,"column":28},"end":{"line":6,"column":109}},"line":6},"4":{"name":"(anonymous_4)","decl":{"start":{"line":9,"column":11},"end":{"line":9,"column":12}},"loc":{"start":{"line":9,"column":27},"end":{"line":13,"column":5}},"line":9},"5":{"name":"__","decl":{"start":{"line":11,"column":17},"end":{"line":11,"column":19}},"loc":{"start":{"line":11,"column":22},"end":{"line":11,"column":47}},"line":11},"6":{"name":"(anonymous_6)","decl":{"start":{"line":18,"column":40},"end":{"line":18,"column":41}},"loc":{"start":{"line":18,"column":58},"end":{"line":24,"column":1}},"line":18},"7":{"name":"TransactionRequest","decl":{"start":{"line":20,"column":13},"end":{"line":20,"column":31}},"loc":{"start":{"line":20,"column":34},"end":{"line":22,"column":5}},"line":20}},"branchMap":{"0":{"loc":{"start":{"line":2,"column":16},"end":{"line":14,"column":4}},"type":"binary-expr","locations":[{"start":{"line":2,"column":17},"end":{"line":2,"column":21}},{"start":{"line":2,"column":25},"end":{"line":2,"column":39}},{"start":{"line":2,"column":44},"end":{"line":14,"column":4}}],"line":2},"1":{"loc":{"start":{"line":4,"column":24},"end":{"line":6,"column":109}},"type":"binary-expr","locations":[{"start":{"line":4,"column":24},"end":{"line":4,"column":45}},{"start":{"line":5,"column":13},"end":{"line":5,"column":47}},{"start":{"line":5,"column":51},"end":{"line":5,"column":87}},{"start":{"line":6,"column":12},"end":{"line":6,"column":109}}],"line":4},"2":{"loc":{"start":{"line":6,"column":47},"end":{"line":6,"column":107}},"type":"if","locations":[{"start":{"line":6,"column":47},"end":{"line":6,"column":107}},{"start":{"line":6,"column":47},"end":{"line":6,"column":107}}],"line":6},"3":{"loc":{"start":{"line":12,"column":22},"end":{"line":12,"column":92}},"type":"cond-expr","locations":[{"start":{"line":12,"column":35},"end":{"line":12,"column":51}},{"start":{"line":12,"column":55},"end":{"line":12,"column":91}}],"line":12},"4":{"loc":{"start":{"line":21,"column":15},"end":{"line":21,"column":71}},"type":"binary-expr","locations":[{"start":{"line":21,"column":15},"end":{"line":21,"column":30}},{"start":{"line":21,"column":34},"end":{"line":21,"column":63}},{"start":{"line":21,"column":67},"end":{"line":21,"column":71}}],"line":21}},"s":{"0":4,"1":4,"2":4,"3":0,"4":0,"5":0,"6":0,"7":4,"8":4,"9":4,"10":4,"11":4,"12":4,"13":4,"14":4,"15":4,"16":4,"17":11,"18":4,"19":4},"f":{"0":4,"1":4,"2":0,"3":0,"4":4,"5":4,"6":4,"7":11},"b":{"0":[4,4,4],"1":[4,0,0,0],"2":[0,0],"3":[0,4],"4":[11,11,11]},"inputSourceMap":null,"_coverageSchema":"1a1c01bbd47fc00a2c39e90264f33305004495a9","hash":"a678074f5c080af9dbea28a33b1130a5dd0a47f9"}
,"F:\\Reza\\KOHO\\velocityLimits\\velocityLimits\\velocityLimits\\models\\transaction\\transactionResponse.js": {"path":"F:\\Reza\\KOHO\\velocityLimits\\velocityLimits\\velocityLimits\\models\\transaction\\transactionResponse.js","statementMap":{"0":{"start":{"line":2,"column":0},"end":{"line":2,"column":26}},"1":{"start":{"line":3,"column":0},"end":{"line":3,"column":37}},"2":{"start":{"line":4,"column":41},"end":{"line":11,"column":3}},"3":{"start":{"line":6,"column":8},"end":{"line":6,"column":33}},"4":{"start":{"line":7,"column":8},"end":{"line":7,"column":39}},"5":{"start":{"line":8,"column":8},"end":{"line":8,"column":33}},"6":{"start":{"line":10,"column":4},"end":{"line":10,"column":31}},"7":{"start":{"line":12,"column":0},"end":{"line":12,"column":50}}},"fnMap":{"0":{"name":"(anonymous_0)","decl":{"start":{"line":4,"column":41},"end":{"line":4,"column":42}},"loc":{"start":{"line":4,"column":53},"end":{"line":11,"column":1}},"line":4},"1":{"name":"TransactionResponse","decl":{"start":{"line":5,"column":13},"end":{"line":5,"column":32}},"loc":{"start":{"line":5,"column":72},"end":{"line":9,"column":5}},"line":5}},"branchMap":{},"s":{"0":1,"1":1,"2":1,"3":14,"4":14,"5":14,"6":1,"7":1},"f":{"0":1,"1":14},"b":{},"inputSourceMap":null,"_coverageSchema":"1a1c01bbd47fc00a2c39e90264f33305004495a9","hash":"e16c3828ac71c73377623857b745736944b0a0e3"}
,"F:\\Reza\\KOHO\\velocityLimits\\velocityLimits\\velocityLimits\\models\\tree-transaction_viewmodel\\customerTransaction.js": {"path":"F:\\Reza\\KOHO\\velocityLimits\\velocityLimits\\velocityLimits\\models\\tree-transaction_viewmodel\\customerTransaction.js","statementMap":{"0":{"start":{"line":2,"column":0},"end":{"line":2,"column":26}},"1":{"start":{"line":3,"column":0},"end":{"line":3,"column":37}},"2":{"start":{"line":4,"column":41},"end":{"line":9,"column":3}},"3":{"start":{"line":6,"column":8},"end":{"line":6,"column":55}},"4":{"start":{"line":8,"column":4},"end":{"line":8,"column":31}},"5":{"start":{"line":10,"column":0},"end":{"line":10,"column":50}}},"fnMap":{"0":{"name":"(anonymous_0)","decl":{"start":{"line":4,"column":41},"end":{"line":4,"column":42}},"loc":{"start":{"line":4,"column":53},"end":{"line":9,"column":1}},"line":4},"1":{"name":"CustomerTransaction","decl":{"start":{"line":5,"column":13},"end":{"line":5,"column":32}},"loc":{"start":{"line":5,"column":35},"end":{"line":7,"column":5}},"line":5}},"branchMap":{},"s":{"0":5,"1":5,"2":5,"3":28,"4":5,"5":5},"f":{"0":5,"1":28},"b":{},"inputSourceMap":null,"_coverageSchema":"1a1c01bbd47fc00a2c39e90264f33305004495a9","hash":"f1920dd1a62dd9eb2afbee6ee1c9643372526bef"}
,"F:\\Reza\\KOHO\\velocityLimits\\velocityLimits\\velocityLimits\\models\\tree-transaction_viewmodel\\dailyTransaction.js": {"path":"F:\\Reza\\KOHO\\velocityLimits\\velocityLimits\\velocityLimits\\models\\tree-transaction_viewmodel\\dailyTransaction.js","statementMap":{"0":{"start":{"line":2,"column":0},"end":{"line":2,"column":26}},"1":{"start":{"line":3,"column":0},"end":{"line":3,"column":34}},"2":{"start":{"line":4,"column":38},"end":{"line":9,"column":3}},"3":{"start":{"line":6,"column":8},"end":{"line":6,"column":49}},"4":{"start":{"line":8,"column":4},"end":{"line":8,"column":28}},"5":{"start":{"line":10,"column":0},"end":{"line":10,"column":44}}},"fnMap":{"0":{"name":"(anonymous_0)","decl":{"start":{"line":4,"column":38},"end":{"line":4,"column":39}},"loc":{"start":{"line":4,"column":50},"end":{"line":9,"column":1}},"line":4},"1":{"name":"DailyTransaction","decl":{"start":{"line":5,"column":13},"end":{"line":5,"column":29}},"loc":{"start":{"line":5,"column":32},"end":{"line":7,"column":5}},"line":5}},"branchMap":{},"s":{"0":5,"1":5,"2":5,"3":14,"4":5,"5":5},"f":{"0":5,"1":14},"b":{},"inputSourceMap":null,"_coverageSchema":"1a1c01bbd47fc00a2c39e90264f33305004495a9","hash":"cc21dbc75b8df2aeaae464a68ef08b74d80be872"}
,"F:\\Reza\\KOHO\\velocityLimits\\velocityLimits\\velocityLimits\\models\\tree-transaction_viewmodel\\monthlyTransaction.js": {"path":"F:\\Reza\\KOHO\\velocityLimits\\velocityLimits\\velocityLimits\\models\\tree-transaction_viewmodel\\monthlyTransaction.js","statementMap":{"0":{"start":{"line":2,"column":0},"end":{"line":2,"column":26}},"1":{"start":{"line":3,"column":0},"end":{"line":3,"column":36}},"2":{"start":{"line":4,"column":40},"end":{"line":9,"column":3}},"3":{"start":{"line":6,"column":8},"end":{"line":6,"column":55}},"4":{"start":{"line":8,"column":4},"end":{"line":8,"column":30}},"5":{"start":{"line":10,"column":0},"end":{"line":10,"column":48}}},"fnMap":{"0":{"name":"(anonymous_0)","decl":{"start":{"line":4,"column":40},"end":{"line":4,"column":41}},"loc":{"start":{"line":4,"column":52},"end":{"line":9,"column":1}},"line":4},"1":{"name":"MonthlyTransaction","decl":{"start":{"line":5,"column":13},"end":{"line":5,"column":31}},"loc":{"start":{"line":5,"column":34},"end":{"line":7,"column":5}},"line":5}},"branchMap":{},"s":{"0":5,"1":5,"2":5,"3":21,"4":5,"5":5},"f":{"0":5,"1":21},"b":{},"inputSourceMap":null,"_coverageSchema":"1a1c01bbd47fc00a2c39e90264f33305004495a9","hash":"a2352c6127d19761fac853c2eeed58670e749e58"}
,"F:\\Reza\\KOHO\\velocityLimits\\velocityLimits\\velocityLimits\\models\\tree-transaction_viewmodel\\weeklyTransaction.js": {"path":"F:\\Reza\\KOHO\\velocityLimits\\velocityLimits\\velocityLimits\\models\\tree-transaction_viewmodel\\weeklyTransaction.js","statementMap":{"0":{"start":{"line":2,"column":0},"end":{"line":2,"column":26}},"1":{"start":{"line":3,"column":0},"end":{"line":3,"column":35}},"2":{"start":{"line":4,"column":39},"end":{"line":9,"column":3}},"3":{"start":{"line":6,"column":8},"end":{"line":6,"column":54}},"4":{"start":{"line":8,"column":4},"end":{"line":8,"column":29}},"5":{"start":{"line":10,"column":0},"end":{"line":10,"column":46}}},"fnMap":{"0":{"name":"(anonymous_0)","decl":{"start":{"line":4,"column":39},"end":{"line":4,"column":40}},"loc":{"start":{"line":4,"column":51},"end":{"line":9,"column":1}},"line":4},"1":{"name":"WeeklyTransaction","decl":{"start":{"line":5,"column":13},"end":{"line":5,"column":30}},"loc":{"start":{"line":5,"column":33},"end":{"line":7,"column":5}},"line":5}},"branchMap":{},"s":{"0":5,"1":5,"2":5,"3":20,"4":5,"5":5},"f":{"0":5,"1":20},"b":{},"inputSourceMap":null,"_coverageSchema":"1a1c01bbd47fc00a2c39e90264f33305004495a9","hash":"ed08eddb4ce28b40ff2925e93aac37ad36793ab1"}
,"F:\\Reza\\KOHO\\velocityLimits\\velocityLimits\\velocityLimits\\models\\tree-transaction_viewmodel\\yearlyTransaction.js": {"path":"F:\\Reza\\KOHO\\velocityLimits\\velocityLimits\\velocityLimits\\models\\tree-transaction_viewmodel\\yearlyTransaction.js","statementMap":{"0":{"start":{"line":2,"column":0},"end":{"line":2,"column":26}},"1":{"start":{"line":3,"column":0},"end":{"line":3,"column":35}},"2":{"start":{"line":4,"column":39},"end":{"line":9,"column":3}},"3":{"start":{"line":6,"column":8},"end":{"line":6,"column":56}},"4":{"start":{"line":8,"column":4},"end":{"line":8,"column":29}},"5":{"start":{"line":10,"column":0},"end":{"line":10,"column":46}}},"fnMap":{"0":{"name":"(anonymous_0)","decl":{"start":{"line":4,"column":39},"end":{"line":4,"column":40}},"loc":{"start":{"line":4,"column":51},"end":{"line":9,"column":1}},"line":4},"1":{"name":"YearlyTransaction","decl":{"start":{"line":5,"column":13},"end":{"line":5,"column":30}},"loc":{"start":{"line":5,"column":33},"end":{"line":7,"column":5}},"line":5}},"branchMap":{},"s":{"0":5,"1":5,"2":5,"3":28,"4":5,"5":5},"f":{"0":5,"1":28},"b":{},"inputSourceMap":null,"_coverageSchema":"1a1c01bbd47fc00a2c39e90264f33305004495a9","hash":"59f3f134dbd75f284a31788f05f773d5f769c8da"}
,"F:\\Reza\\KOHO\\velocityLimits\\velocityLimits\\velocityLimits\\setting\\transaction-error\\errors.js": {"path":"F:\\Reza\\KOHO\\velocityLimits\\velocityLimits\\velocityLimits\\setting\\transaction-error\\errors.js","statementMap":{"0":{"start":{"line":2,"column":0},"end":{"line":2,"column":26}},"1":{"start":{"line":3,"column":0},"end":{"line":3,"column":24}},"2":{"start":{"line":4,"column":0},"end":{"line":19,"column":2}}},"fnMap":{},"branchMap":{},"s":{"0":5,"1":5,"2":5},"f":{},"b":{},"inputSourceMap":null,"_coverageSchema":"1a1c01bbd47fc00a2c39e90264f33305004495a9","hash":"acf803216aa98587fdee695e93c31b34d4a48907"}
,"F:\\Reza\\KOHO\\velocityLimits\\velocityLimits\\velocityLimits\\setting\\velocity\\limits_config.js": {"path":"F:\\Reza\\KOHO\\velocityLimits\\velocityLimits\\velocityLimits\\setting\\velocity\\limits_config.js","statementMap":{"0":{"start":{"line":2,"column":0},"end":{"line":2,"column":26}},"1":{"start":{"line":3,"column":0},"end":{"line":3,"column":30}},"2":{"start":{"line":4,"column":0},"end":{"line":8,"column":2}}},"fnMap":{},"branchMap":{},"s":{"0":1,"1":1,"2":1},"f":{},"b":{},"inputSourceMap":null,"_coverageSchema":"1a1c01bbd47fc00a2c39e90264f33305004495a9","hash":"f0f22477236df37cc7fb010380e619e2bade2343"}
,"F:\\Reza\\KOHO\\velocityLimits\\velocityLimits\\velocityLimits\\utility\\dateTimeUtility.js": {"path":"F:\\Reza\\KOHO\\velocityLimits\\velocityLimits\\velocityLimits\\utility\\dateTimeUtility.js","statementMap":{"0":{"start":{"line":2,"column":0},"end":{"line":2,"column":26}},"1":{"start":{"line":3,"column":0},"end":{"line":3,"column":33}},"2":{"start":{"line":4,"column":22},"end":{"line":4,"column":63}},"3":{"start":{"line":5,"column":13},"end":{"line":5,"column":30}},"4":{"start":{"line":6,"column":15},"end":{"line":6,"column":61}},"5":{"start":{"line":7,"column":37},"end":{"line":25,"column":3}},"6":{"start":{"line":10,"column":4},"end":{"line":23,"column":6}},"7":{"start":{"line":11,"column":8},"end":{"line":12,"column":74}},"8":{"start":{"line":12,"column":12},"end":{"line":12,"column":74}},"9":{"start":{"line":13,"column":28},"end":{"line":13,"column":63}},"10":{"start":{"line":14,"column":8},"end":{"line":14,"column":57}},"11":{"start":{"line":15,"column":8},"end":{"line":15,"column":59}},"12":{"start":{"line":16,"column":8},"end":{"line":16,"column":57}},"13":{"start":{"line":17,"column":8},"end":{"line":17,"column":55}},"14":{"start":{"line":18,"column":8},"end":{"line":18,"column":57}},"15":{"start":{"line":19,"column":8},"end":{"line":19,"column":61}},"16":{"start":{"line":20,"column":8},"end":{"line":20,"column":61}},"17":{"start":{"line":21,"column":8},"end":{"line":21,"column":71}},"18":{"start":{"line":22,"column":8},"end":{"line":22,"column":29}},"19":{"start":{"line":24,"column":4},"end":{"line":24,"column":27}},"20":{"start":{"line":26,"column":0},"end":{"line":26,"column":42}}},"fnMap":{"0":{"name":"(anonymous_0)","decl":{"start":{"line":7,"column":37},"end":{"line":7,"column":38}},"loc":{"start":{"line":7,"column":49},"end":{"line":25,"column":1}},"line":7},"1":{"name":"DateTimeUtility","decl":{"start":{"line":8,"column":13},"end":{"line":8,"column":28}},"loc":{"start":{"line":8,"column":31},"end":{"line":9,"column":5}},"line":8},"2":{"name":"(anonymous_2)","decl":{"start":{"line":10,"column":39},"end":{"line":10,"column":40}},"loc":{"start":{"line":10,"column":59},"end":{"line":23,"column":5}},"line":10}},"branchMap":{"0":{"loc":{"start":{"line":11,"column":8},"end":{"line":12,"column":74}},"type":"if","locations":[{"start":{"line":11,"column":8},"end":{"line":12,"column":74}},{"start":{"line":11,"column":8},"end":{"line":12,"column":74}}],"line":11}},"s":{"0":2,"1":2,"2":2,"3":2,"4":2,"5":2,"6":2,"7":9,"8":0,"9":9,"10":9,"11":9,"12":9,"13":9,"14":9,"15":9,"16":9,"17":9,"18":9,"19":2,"20":2},"f":{"0":2,"1":0,"2":9},"b":{"0":[0,9]},"inputSourceMap":null,"_coverageSchema":"1a1c01bbd47fc00a2c39e90264f33305004495a9","hash":"5b850fd773a8b4ed3348dc581fb7e4a4ed62375f"}
,"F:\\Reza\\KOHO\\velocityLimits\\velocityLimits\\velocityLimits\\validation\\transactin_nodevalidator.js": {"path":"F:\\Reza\\KOHO\\velocityLimits\\velocityLimits\\velocityLimits\\validation\\transactin_nodevalidator.js","statementMap":{"0":{"start":{"line":2,"column":0},"end":{"line":2,"column":26}},"1":{"start":{"line":3,"column":0},"end":{"line":3,"column":41}},"2":{"start":{"line":4,"column":20},"end":{"line":4,"column":66}},"3":{"start":{"line":5,"column":45},"end":{"line":54,"column":3}},"4":{"start":{"line":8,"column":4},"end":{"line":15,"column":6}},"5":{"start":{"line":9,"column":8},"end":{"line":10,"column":91}},"6":{"start":{"line":10,"column":12},"end":{"line":10,"column":91}},"7":{"start":{"line":11,"column":32},"end":{"line":11,"column":78}},"8":{"start":{"line":12,"column":8},"end":{"line":13,"column":86}},"9":{"start":{"line":13,"column":12},"end":{"line":13,"column":86}},"10":{"start":{"line":14,"column":8},"end":{"line":14,"column":20}},"11":{"start":{"line":16,"column":4},"end":{"line":24,"column":6}},"12":{"start":{"line":17,"column":8},"end":{"line":17,"column":99}},"13":{"start":{"line":18,"column":8},"end":{"line":20,"column":9}},"14":{"start":{"line":19,"column":12},"end":{"line":19,"column":105}},"15":{"start":{"line":21,"column":8},"end":{"line":22,"column":24}},"16":{"start":{"line":22,"column":12},"end":{"line":22,"column":24}},"17":{"start":{"line":23,"column":8},"end":{"line":23,"column":21}},"18":{"start":{"line":25,"column":4},"end":{"line":34,"column":6}},"19":{"start":{"line":26,"column":8},"end":{"line":26,"column":99}},"20":{"start":{"line":27,"column":39},"end":{"line":27,"column":156}},"21":{"start":{"line":27,"column":114},"end":{"line":27,"column":153}},"22":{"start":{"line":28,"column":8},"end":{"line":30,"column":9}},"23":{"start":{"line":29,"column":12},"end":{"line":29,"column":105}},"24":{"start":{"line":31,"column":8},"end":{"line":32,"column":24}},"25":{"start":{"line":32,"column":12},"end":{"line":32,"column":24}},"26":{"start":{"line":33,"column":8},"end":{"line":33,"column":21}},"27":{"start":{"line":35,"column":4},"end":{"line":43,"column":6}},"28":{"start":{"line":36,"column":38},"end":{"line":36,"column":153}},"29":{"start":{"line":36,"column":113},"end":{"line":36,"column":150}},"30":{"start":{"line":37,"column":8},"end":{"line":39,"column":9}},"31":{"start":{"line":38,"column":12},"end":{"line":38,"column":105}},"32":{"start":{"line":40,"column":8},"end":{"line":41,"column":24}},"33":{"start":{"line":41,"column":12},"end":{"line":41,"column":24}},"34":{"start":{"line":42,"column":8},"end":{"line":42,"column":21}},"35":{"start":{"line":44,"column":4},"end":{"line":52,"column":6}},"36":{"start":{"line":45,"column":37},"end":{"line":45,"column":148}},"37":{"start":{"line":45,"column":110},"end":{"line":45,"column":145}},"38":{"start":{"line":46,"column":8},"end":{"line":48,"column":9}},"39":{"start":{"line":47,"column":12},"end":{"line":47,"column":104}},"40":{"start":{"line":49,"column":8},"end":{"line":50,"column":24}},"41":{"start":{"line":50,"column":12},"end":{"line":50,"column":24}},"42":{"start":{"line":51,"column":8},"end":{"line":51,"column":21}},"43":{"start":{"line":53,"column":4},"end":{"line":53,"column":35}},"44":{"start":{"line":55,"column":0},"end":{"line":55,"column":58}}},"fnMap":{"0":{"name":"(anonymous_0)","decl":{"start":{"line":5,"column":45},"end":{"line":5,"column":46}},"loc":{"start":{"line":5,"column":57},"end":{"line":54,"column":1}},"line":5},"1":{"name":"TransactinNodeValidator","decl":{"start":{"line":6,"column":13},"end":{"line":6,"column":36}},"loc":{"start":{"line":6,"column":39},"end":{"line":7,"column":5}},"line":6},"2":{"name":"(anonymous_2)","decl":{"start":{"line":8,"column":64},"end":{"line":8,"column":65}},"loc":{"start":{"line":8,"column":107},"end":{"line":15,"column":5}},"line":8},"3":{"name":"(anonymous_3)","decl":{"start":{"line":16,"column":66},"end":{"line":16,"column":67}},"loc":{"start":{"line":16,"column":136},"end":{"line":24,"column":5}},"line":16},"4":{"name":"(anonymous_4)","decl":{"start":{"line":25,"column":67},"end":{"line":25,"column":68}},"loc":{"start":{"line":25,"column":150},"end":{"line":34,"column":5}},"line":25},"5":{"name":"(anonymous_5)","decl":{"start":{"line":27,"column":99},"end":{"line":27,"column":100}},"loc":{"start":{"line":27,"column":112},"end":{"line":27,"column":155}},"line":27},"6":{"name":"(anonymous_6)","decl":{"start":{"line":35,"column":66},"end":{"line":35,"column":67}},"loc":{"start":{"line":35,"column":117},"end":{"line":43,"column":5}},"line":35},"7":{"name":"(anonymous_7)","decl":{"start":{"line":36,"column":98},"end":{"line":36,"column":99}},"loc":{"start":{"line":36,"column":111},"end":{"line":36,"column":152}},"line":36},"8":{"name":"(anonymous_8)","decl":{"start":{"line":44,"column":65},"end":{"line":44,"column":66}},"loc":{"start":{"line":44,"column":115},"end":{"line":52,"column":5}},"line":44},"9":{"name":"(anonymous_9)","decl":{"start":{"line":45,"column":95},"end":{"line":45,"column":96}},"loc":{"start":{"line":45,"column":108},"end":{"line":45,"column":147}},"line":45}},"branchMap":{"0":{"loc":{"start":{"line":9,"column":8},"end":{"line":10,"column":91}},"type":"if","locations":[{"start":{"line":9,"column":8},"end":{"line":10,"column":91}},{"start":{"line":9,"column":8},"end":{"line":10,"column":91}}],"line":9},"1":{"loc":{"start":{"line":9,"column":12},"end":{"line":9,"column":74}},"type":"binary-expr","locations":[{"start":{"line":9,"column":12},"end":{"line":9,"column":32}},{"start":{"line":9,"column":36},"end":{"line":9,"column":47}},{"start":{"line":9,"column":51},"end":{"line":9,"column":74}}],"line":9},"2":{"loc":{"start":{"line":12,"column":8},"end":{"line":13,"column":86}},"type":"if","locations":[{"start":{"line":12,"column":8},"end":{"line":13,"column":86}},{"start":{"line":12,"column":8},"end":{"line":13,"column":86}}],"line":12},"3":{"loc":{"start":{"line":18,"column":8},"end":{"line":20,"column":9}},"type":"if","locations":[{"start":{"line":18,"column":8},"end":{"line":20,"column":9}},{"start":{"line":18,"column":8},"end":{"line":20,"column":9}}],"line":18},"4":{"loc":{"start":{"line":18,"column":12},"end":{"line":18,"column":77}},"type":"binary-expr","locations":[{"start":{"line":18,"column":12},"end":{"line":18,"column":37}},{"start":{"line":18,"column":41},"end":{"line":18,"column":77}}],"line":18},"5":{"loc":{"start":{"line":21,"column":8},"end":{"line":22,"column":24}},"type":"if","locations":[{"start":{"line":21,"column":8},"end":{"line":22,"column":24}},{"start":{"line":21,"column":8},"end":{"line":22,"column":24}}],"line":21},"6":{"loc":{"start":{"line":21,"column":12},"end":{"line":21,"column":79}},"type":"binary-expr","locations":[{"start":{"line":21,"column":12},"end":{"line":21,"column":37}},{"start":{"line":21,"column":41},"end":{"line":21,"column":79}}],"line":21},"7":{"loc":{"start":{"line":28,"column":8},"end":{"line":30,"column":9}},"type":"if","locations":[{"start":{"line":28,"column":8},"end":{"line":30,"column":9}},{"start":{"line":28,"column":8},"end":{"line":30,"column":9}}],"line":28},"8":{"loc":{"start":{"line":28,"column":12},"end":{"line":28,"column":75}},"type":"binary-expr","locations":[{"start":{"line":28,"column":12},"end":{"line":28,"column":36}},{"start":{"line":28,"column":40},"end":{"line":28,"column":75}}],"line":28},"9":{"loc":{"start":{"line":31,"column":8},"end":{"line":32,"column":24}},"type":"if","locations":[{"start":{"line":31,"column":8},"end":{"line":32,"column":24}},{"start":{"line":31,"column":8},"end":{"line":32,"column":24}}],"line":31},"10":{"loc":{"start":{"line":31,"column":12},"end":{"line":31,"column":77}},"type":"binary-expr","locations":[{"start":{"line":31,"column":12},"end":{"line":31,"column":36}},{"start":{"line":31,"column":40},"end":{"line":31,"column":77}}],"line":31},"11":{"loc":{"start":{"line":37,"column":8},"end":{"line":39,"column":9}},"type":"if","locations":[{"start":{"line":37,"column":8},"end":{"line":39,"column":9}},{"start":{"line":37,"column":8},"end":{"line":39,"column":9}}],"line":37},"12":{"loc":{"start":{"line":37,"column":12},"end":{"line":37,"column":73}},"type":"binary-expr","locations":[{"start":{"line":37,"column":12},"end":{"line":37,"column":35}},{"start":{"line":37,"column":39},"end":{"line":37,"column":73}}],"line":37},"13":{"loc":{"start":{"line":40,"column":8},"end":{"line":41,"column":24}},"type":"if","locations":[{"start":{"line":40,"column":8},"end":{"line":41,"column":24}},{"start":{"line":40,"column":8},"end":{"line":41,"column":24}}],"line":40},"14":{"loc":{"start":{"line":40,"column":12},"end":{"line":40,"column":75}},"type":"binary-expr","locations":[{"start":{"line":40,"column":12},"end":{"line":40,"column":35}},{"start":{"line":40,"column":39},"end":{"line":40,"column":75}}],"line":40},"15":{"loc":{"start":{"line":46,"column":8},"end":{"line":48,"column":9}},"type":"if","locations":[{"start":{"line":46,"column":8},"end":{"line":48,"column":9}},{"start":{"line":46,"column":8},"end":{"line":48,"column":9}}],"line":46},"16":{"loc":{"start":{"line":46,"column":12},"end":{"line":46,"column":71}},"type":"binary-expr","locations":[{"start":{"line":46,"column":12},"end":{"line":46,"column":34}},{"start":{"line":46,"column":38},"end":{"line":46,"column":71}}],"line":46},"17":{"loc":{"start":{"line":49,"column":8},"end":{"line":50,"column":24}},"type":"if","locations":[{"start":{"line":49,"column":8},"end":{"line":50,"column":24}},{"start":{"line":49,"column":8},"end":{"line":50,"column":24}}],"line":49},"18":{"loc":{"start":{"line":49,"column":12},"end":{"line":49,"column":73}},"type":"binary-expr","locations":[{"start":{"line":49,"column":12},"end":{"line":49,"column":34}},{"start":{"line":49,"column":38},"end":{"line":49,"column":73}}],"line":49}},"s":{"0":2,"1":2,"2":2,"3":2,"4":2,"5":19,"6":1,"7":18,"8":18,"9":1,"10":17,"11":2,"12":9,"13":8,"14":1,"15":7,"16":6,"17":1,"18":2,"19":8,"20":8,"21":8,"22":8,"23":1,"24":7,"25":6,"26":1,"27":2,"28":8,"29":8,"30":8,"31":1,"32":7,"33":4,"34":3,"35":2,"36":6,"37":6,"38":6,"39":1,"40":5,"41":4,"42":1,"43":2,"44":2},"f":{"0":2,"1":0,"2":19,"3":9,"4":8,"5":8,"6":8,"7":8,"8":6,"9":6},"b":{"0":[1,18],"1":[19,19,18],"2":[1,17],"3":[1,7],"4":[8,8],"5":[6,1],"6":[7,7],"7":[1,7],"8":[8,8],"9":[6,1],"10":[7,7],"11":[1,7],"12":[8,8],"13":[4,3],"14":[7,7],"15":[1,5],"16":[6,6],"17":[4,1],"18":[5,5]},"inputSourceMap":null,"_coverageSchema":"1a1c01bbd47fc00a2c39e90264f33305004495a9","hash":"7d5ea5a8f6e20294fdc43e476a55df345ee2230f"}
,"F:\\Reza\\KOHO\\velocityLimits\\velocityLimits\\velocityLimits\\validation\\validatorDataSrc.js": {"path":"F:\\Reza\\KOHO\\velocityLimits\\velocityLimits\\velocityLimits\\validation\\validatorDataSrc.js","statementMap":{"0":{"start":{"line":2,"column":0},"end":{"line":2,"column":26}},"1":{"start":{"line":3,"column":0},"end":{"line":3,"column":34}},"2":{"start":{"line":4,"column":38},"end":{"line":13,"column":3}},"3":{"start":{"line":7,"column":4},"end":{"line":11,"column":6}},"4":{"start":{"line":8,"column":8},"end":{"line":9,"column":24}},"5":{"start":{"line":9,"column":12},"end":{"line":9,"column":24}},"6":{"start":{"line":10,"column":8},"end":{"line":10,"column":21}},"7":{"start":{"line":12,"column":4},"end":{"line":12,"column":28}},"8":{"start":{"line":14,"column":0},"end":{"line":14,"column":44}}},"fnMap":{"0":{"name":"(anonymous_0)","decl":{"start":{"line":4,"column":38},"end":{"line":4,"column":39}},"loc":{"start":{"line":4,"column":50},"end":{"line":13,"column":1}},"line":4},"1":{"name":"ValidatorDataSrc","decl":{"start":{"line":5,"column":13},"end":{"line":5,"column":29}},"loc":{"start":{"line":5,"column":32},"end":{"line":6,"column":5}},"line":5},"2":{"name":"(anonymous_2)","decl":{"start":{"line":7,"column":42},"end":{"line":7,"column":43}},"loc":{"start":{"line":7,"column":64},"end":{"line":11,"column":5}},"line":7}},"branchMap":{"0":{"loc":{"start":{"line":8,"column":8},"end":{"line":9,"column":24}},"type":"if","locations":[{"start":{"line":8,"column":8},"end":{"line":9,"column":24}},{"start":{"line":8,"column":8},"end":{"line":9,"column":24}}],"line":8},"1":{"loc":{"start":{"line":8,"column":12},"end":{"line":8,"column":47}},"type":"binary-expr","locations":[{"start":{"line":8,"column":12},"end":{"line":8,"column":22}},{"start":{"line":8,"column":26},"end":{"line":8,"column":47}}],"line":8}},"s":{"0":1,"1":1,"2":1,"3":1,"4":2,"5":1,"6":1,"7":1,"8":1},"f":{"0":1,"1":0,"2":2},"b":{"0":[1,1],"1":[2,2]},"inputSourceMap":null,"_coverageSchema":"1a1c01bbd47fc00a2c39e90264f33305004495a9","hash":"d2a04b00368a6739afde88775c317a04d6bdf5d0"}
}
