TN:
SF:evaluator\transactionRequest\evaluator.js
FN:7,(anonymous_0)
FN:8,TransactionEvaluator
FN:11,(anonymous_2)
FN:13,(anonymous_3)
FN:15,(anonymous_4)
FN:16,(anonymous_5)
FN:17,(anonymous_6)
FN:19,(anonymous_7)
FN:22,(anonymous_8)
FN:26,(anonymous_9)
FN:47,(anonymous_10)
FNF:11
FNH:10
FNDA:1,(anonymous_0)
FNDA:0,TransactionEvaluator
FNDA:3,(anonymous_2)
FNDA:3,(anonymous_3)
FNDA:3,(anonymous_4)
FNDA:3,(anonymous_5)
FNDA:5,(anonymous_6)
FNDA:5,(anonymous_7)
FNDA:8,(anonymous_8)
FNDA:8,(anonymous_9)
FNDA:11,(anonymous_10)
DA:2,1
DA:3,1
DA:4,1
DA:5,1
DA:7,1
DA:11,1
DA:12,3
DA:13,3
DA:14,3
DA:15,3
DA:16,3
DA:17,3
DA:18,5
DA:19,5
DA:20,5
DA:21,5
DA:22,5
DA:23,8
DA:24,8
DA:25,8
DA:26,8
DA:27,8
DA:28,1
DA:29,7
DA:30,6
DA:31,6
DA:32,6
DA:35,1
DA:36,1
DA:44,3
DA:47,1
DA:48,11
DA:49,11
DA:50,11
DA:51,11
DA:55,1
DA:57,1
LF:37
LH:37
BRDA:26,0,0,8
BRDA:26,0,1,1
BRDA:27,1,0,1
BRDA:27,1,1,7
BRDA:27,2,0,8
BRDA:27,2,1,8
BRDA:29,3,0,6
BRDA:29,3,1,1
BRDA:51,4,0,11
BRDA:51,4,1,11
BRDA:51,4,2,10
BRDA:51,4,3,9
BRDA:51,4,4,9
BRF:13
BRH:13
end_of_record
TN:
SF:handler\transactionHandler\transaction.js
FN:10,(anonymous_0)
FN:11,TransactionFunctions
FN:14,(anonymous_2)
FN:22,(anonymous_3)
FN:29,(anonymous_4)
FN:36,(anonymous_5)
FN:43,(anonymous_6)
FN:50,(anonymous_7)
FN:57,(anonymous_8)
FN:62,(anonymous_9)
FN:67,(anonymous_10)
FN:72,(anonymous_11)
FN:77,(anonymous_12)
FN:82,(anonymous_13)
FNF:14
FNH:13
FNDA:3,(anonymous_0)
FNDA:0,TransactionFunctions
FNDA:10,(anonymous_2)
FNDA:6,(anonymous_3)
FNDA:6,(anonymous_4)
FNDA:4,(anonymous_5)
FNDA:4,(anonymous_6)
FNDA:4,(anonymous_7)
FNDA:3,(anonymous_8)
FNDA:3,(anonymous_9)
FNDA:3,(anonymous_10)
FNDA:5,(anonymous_11)
FNDA:5,(anonymous_12)
FNDA:9,(anonymous_13)
DA:2,3
DA:3,3
DA:4,3
DA:5,3
DA:6,3
DA:7,3
DA:8,3
DA:9,3
DA:10,3
DA:14,3
DA:15,10
DA:16,10
DA:17,10
DA:18,10
DA:19,10
DA:22,3
DA:23,6
DA:24,6
DA:25,6
DA:26,6
DA:29,3
DA:30,6
DA:31,6
DA:32,6
DA:33,6
DA:36,3
DA:37,4
DA:38,4
DA:39,4
DA:40,4
DA:43,3
DA:44,4
DA:45,4
DA:46,4
DA:47,4
DA:50,3
DA:51,4
DA:52,4
DA:53,4
DA:54,4
DA:57,3
DA:58,3
DA:59,3
DA:60,3
DA:62,3
DA:63,3
DA:64,3
DA:65,3
DA:67,3
DA:68,3
DA:69,3
DA:70,3
DA:72,3
DA:73,5
DA:74,5
DA:75,5
DA:77,3
DA:78,5
DA:79,5
DA:80,5
DA:82,3
DA:83,9
DA:84,9
DA:86,3
DA:88,3
LF:65
LH:65
BRF:0
BRH:0
end_of_record
TN:
SF:handler\tree_node\transaction\inquiry\inquiryCustomerTransaction.js
FN:5,(anonymous_0)
FN:6,InquiryCustomerTransaction
FN:8,(anonymous_2)
FN:9,(anonymous_3)
FN:14,(anonymous_4)
FN:16,(anonymous_5)
FN:21,(anonymous_6)
FN:23,(anonymous_7)
FN:28,(anonymous_8)
FN:30,(anonymous_9)
FN:35,(anonymous_10)
FN:36,(anonymous_11)
FNF:12
FNH:11
FNDA:3,(anonymous_0)
FNDA:0,InquiryCustomerTransaction
FNDA:31,(anonymous_2)
FNDA:31,(anonymous_3)
FNDA:23,(anonymous_4)
FNDA:23,(anonymous_5)
FNDA:13,(anonymous_6)
FNDA:14,(anonymous_7)
FNDA:7,(anonymous_8)
FNDA:8,(anonymous_9)
FNDA:6,(anonymous_10)
FNDA:6,(anonymous_11)
DA:2,3
DA:3,3
DA:4,3
DA:5,3
DA:8,3
DA:9,31
DA:10,31
DA:11,2
DA:12,29
DA:14,3
DA:15,23
DA:16,23
DA:17,23
DA:18,2
DA:19,21
DA:21,3
DA:22,13
DA:23,14
DA:24,13
DA:25,2
DA:26,11
DA:28,3
DA:29,7
DA:30,8
DA:31,7
DA:32,2
DA:33,5
DA:35,3
DA:36,6
DA:38,3
DA:40,3
LF:31
LH:31
BRDA:10,0,0,2
BRDA:10,0,1,29
BRDA:10,1,0,31
BRDA:10,1,1,31
BRDA:17,2,0,2
BRDA:17,2,1,21
BRDA:17,3,0,23
BRDA:17,3,1,23
BRDA:24,4,0,2
BRDA:24,4,1,11
BRDA:24,5,0,13
BRDA:24,5,1,13
BRDA:31,6,0,2
BRDA:31,6,1,5
BRDA:31,7,0,7
BRDA:31,7,1,7
BRF:16
BRH:16
end_of_record
TN:
SF:handler\tree_node\transaction\nodeHandler\TransactionNodeHandler.js
FN:6,(anonymous_0)
FN:7,TransactionNodeHandler
FN:9,(anonymous_2)
FN:13,(anonymous_3)
FN:17,(anonymous_4)
FN:22,(anonymous_5)
FN:27,(anonymous_6)
FN:32,(anonymous_7)
FNF:8
FNH:4
FNDA:2,(anonymous_0)
FNDA:0,TransactionNodeHandler
FNDA:3,(anonymous_2)
FNDA:0,(anonymous_3)
FNDA:0,(anonymous_4)
FNDA:2,(anonymous_5)
FNDA:0,(anonymous_6)
FNDA:4,(anonymous_7)
DA:2,2
DA:3,2
DA:4,2
DA:5,2
DA:6,2
DA:9,2
DA:10,3
DA:11,3
DA:13,2
DA:14,0
DA:15,0
DA:17,2
DA:18,0
DA:19,0
DA:20,0
DA:22,2
DA:23,2
DA:24,2
DA:25,2
DA:27,2
DA:28,0
DA:29,0
DA:30,0
DA:32,2
DA:33,4
DA:34,4
DA:35,4
DA:37,2
DA:39,2
LF:29
LH:21
BRF:0
BRH:0
end_of_record
TN:
SF:handler\tree_node\transaction\tree\customerTransactionHandler.js
FN:8,(anonymous_0)
FN:9,CustomerTransactionHandler
FN:11,(anonymous_2)
FN:13,(anonymous_3)
FN:15,(anonymous_4)
FNF:5
FNH:4
FNDA:1,(anonymous_0)
FNDA:0,CustomerTransactionHandler
FNDA:3,(anonymous_2)
FNDA:8,(anonymous_3)
FNDA:5,(anonymous_4)
DA:2,1
DA:3,1
DA:4,1
DA:5,1
DA:6,1
DA:7,1
DA:8,1
DA:11,1
DA:12,3
DA:13,3
DA:14,8
DA:15,8
DA:16,8
DA:17,8
DA:18,3
DA:19,5
DA:20,0
DA:21,5
DA:22,0
DA:23,5
DA:24,2
DA:25,3
DA:26,0
DA:28,3
DA:30,3
DA:32,1
DA:34,1
LF:27
LH:24
BRDA:17,0,0,3
BRDA:17,0,1,5
BRDA:17,1,0,8
BRDA:17,1,1,8
BRDA:19,2,0,0
BRDA:19,2,1,5
BRDA:21,3,0,0
BRDA:21,3,1,5
BRDA:23,4,0,2
BRDA:23,4,1,3
BRDA:25,5,0,0
BRDA:25,5,1,3
BRF:12
BRH:9
end_of_record
TN:
SF:models\common\dateTimeParts.js
FN:4,(anonymous_0)
FN:5,DateTimeParts
FNF:2
FNH:2
FNDA:5,(anonymous_0)
FNDA:32,DateTimeParts
DA:2,5
DA:3,5
DA:4,5
DA:7,5
DA:9,5
LF:5
LH:5
BRF:0
BRH:0
end_of_record
TN:
SF:models\transaction\transaction.js
FN:4,(anonymous_0)
FN:5,Transaction
FNF:2
FNH:2
FNDA:4,(anonymous_0)
FNDA:23,Transaction
DA:2,4
DA:3,4
DA:4,4
DA:7,4
DA:9,4
LF:5
LH:5
BRF:0
BRH:0
end_of_record
TN:
SF:models\transaction\transactionRequest.js
FN:2,(anonymous_0)
FN:3,(anonymous_1)
FN:5,(anonymous_2)
FN:6,(anonymous_3)
FN:9,(anonymous_4)
FN:11,__
FN:18,(anonymous_6)
FN:20,TransactionRequest
FNF:8
FNH:6
FNDA:4,(anonymous_0)
FNDA:4,(anonymous_1)
FNDA:0,(anonymous_2)
FNDA:0,(anonymous_3)
FNDA:4,(anonymous_4)
FNDA:4,__
FNDA:4,(anonymous_6)
FNDA:11,TransactionRequest
DA:2,4
DA:3,4
DA:4,4
DA:5,0
DA:6,0
DA:7,4
DA:9,4
DA:10,4
DA:11,4
DA:12,4
DA:15,4
DA:16,4
DA:17,4
DA:18,4
DA:19,4
DA:21,11
DA:23,4
DA:25,4
LF:18
LH:16
BRDA:2,0,0,4
BRDA:2,0,1,4
BRDA:2,0,2,4
BRDA:4,1,0,4
BRDA:4,1,1,0
BRDA:4,1,2,0
BRDA:4,1,3,0
BRDA:6,2,0,0
BRDA:6,2,1,0
BRDA:12,3,0,0
BRDA:12,3,1,4
BRDA:21,4,0,11
BRDA:21,4,1,11
BRDA:21,4,2,11
BRF:14
BRH:8
end_of_record
TN:
SF:models\transaction\transactionResponse.js
FN:4,(anonymous_0)
FN:5,TransactionResponse
FNF:2
FNH:2
FNDA:1,(anonymous_0)
FNDA:14,TransactionResponse
DA:2,1
DA:3,1
DA:4,1
DA:6,14
DA:7,14
DA:8,14
DA:10,1
DA:12,1
LF:8
LH:8
BRF:0
BRH:0
end_of_record
TN:
SF:models\tree-transaction_viewmodel\customerTransaction.js
FN:4,(anonymous_0)
FN:5,CustomerTransaction
FNF:2
FNH:2
FNDA:5,(anonymous_0)
FNDA:28,CustomerTransaction
DA:2,5
DA:3,5
DA:4,5
DA:6,28
DA:8,5
DA:10,5
LF:6
LH:6
BRF:0
BRH:0
end_of_record
TN:
SF:models\tree-transaction_viewmodel\dailyTransaction.js
FN:4,(anonymous_0)
FN:5,DailyTransaction
FNF:2
FNH:2
FNDA:5,(anonymous_0)
FNDA:14,DailyTransaction
DA:2,5
DA:3,5
DA:4,5
DA:6,14
DA:8,5
DA:10,5
LF:6
LH:6
BRF:0
BRH:0
end_of_record
TN:
SF:models\tree-transaction_viewmodel\monthlyTransaction.js
FN:4,(anonymous_0)
FN:5,MonthlyTransaction
FNF:2
FNH:2
FNDA:5,(anonymous_0)
FNDA:21,MonthlyTransaction
DA:2,5
DA:3,5
DA:4,5
DA:6,21
DA:8,5
DA:10,5
LF:6
LH:6
BRF:0
BRH:0
end_of_record
TN:
SF:models\tree-transaction_viewmodel\weeklyTransaction.js
FN:4,(anonymous_0)
FN:5,WeeklyTransaction
FNF:2
FNH:2
FNDA:5,(anonymous_0)
FNDA:20,WeeklyTransaction
DA:2,5
DA:3,5
DA:4,5
DA:6,20
DA:8,5
DA:10,5
LF:6
LH:6
BRF:0
BRH:0
end_of_record
TN:
SF:models\tree-transaction_viewmodel\yearlyTransaction.js
FN:4,(anonymous_0)
FN:5,YearlyTransaction
FNF:2
FNH:2
FNDA:5,(anonymous_0)
FNDA:28,YearlyTransaction
DA:2,5
DA:3,5
DA:4,5
DA:6,28
DA:8,5
DA:10,5
LF:6
LH:6
BRF:0
BRH:0
end_of_record
TN:
SF:setting\transaction-error\errors.js
FNF:0
FNH:0
DA:2,5
DA:3,5
DA:4,5
LF:3
LH:3
BRF:0
BRH:0
end_of_record
TN:
SF:setting\velocity\limits_config.js
FNF:0
FNH:0
DA:2,1
DA:3,1
DA:4,1
LF:3
LH:3
BRF:0
BRH:0
end_of_record
TN:
SF:utility\dateTimeUtility.js
FN:7,(anonymous_0)
FN:8,DateTimeUtility
FN:10,(anonymous_2)
FNF:3
FNH:2
FNDA:2,(anonymous_0)
FNDA:0,DateTimeUtility
FNDA:9,(anonymous_2)
DA:2,2
DA:3,2
DA:4,2
DA:5,2
DA:6,2
DA:7,2
DA:10,2
DA:11,9
DA:12,0
DA:13,9
DA:14,9
DA:15,9
DA:16,9
DA:17,9
DA:18,9
DA:19,9
DA:20,9
DA:21,9
DA:22,9
DA:24,2
DA:26,2
LF:21
LH:20
BRDA:11,0,0,0
BRDA:11,0,1,9
BRF:2
BRH:1
end_of_record
TN:
SF:validation\transactin_nodevalidator.js
FN:5,(anonymous_0)
FN:6,TransactinNodeValidator
FN:8,(anonymous_2)
FN:16,(anonymous_3)
FN:25,(anonymous_4)
FN:27,(anonymous_5)
FN:35,(anonymous_6)
FN:36,(anonymous_7)
FN:44,(anonymous_8)
FN:45,(anonymous_9)
FNF:10
FNH:9
FNDA:2,(anonymous_0)
FNDA:0,TransactinNodeValidator
FNDA:19,(anonymous_2)
FNDA:9,(anonymous_3)
FNDA:8,(anonymous_4)
FNDA:8,(anonymous_5)
FNDA:8,(anonymous_6)
FNDA:8,(anonymous_7)
FNDA:6,(anonymous_8)
FNDA:6,(anonymous_9)
DA:2,2
DA:3,2
DA:4,2
DA:5,2
DA:8,2
DA:9,19
DA:10,1
DA:11,18
DA:12,18
DA:13,1
DA:14,17
DA:16,2
DA:17,9
DA:18,8
DA:19,1
DA:21,7
DA:22,6
DA:23,1
DA:25,2
DA:26,8
DA:27,8
DA:28,8
DA:29,1
DA:31,7
DA:32,6
DA:33,1
DA:35,2
DA:36,8
DA:37,8
DA:38,1
DA:40,7
DA:41,4
DA:42,3
DA:44,2
DA:45,6
DA:46,6
DA:47,1
DA:49,5
DA:50,4
DA:51,1
DA:53,2
DA:55,2
LF:42
LH:42
BRDA:9,0,0,1
BRDA:9,0,1,18
BRDA:9,1,0,19
BRDA:9,1,1,19
BRDA:9,1,2,18
BRDA:12,2,0,1
BRDA:12,2,1,17
BRDA:18,3,0,1
BRDA:18,3,1,7
BRDA:18,4,0,8
BRDA:18,4,1,8
BRDA:21,5,0,6
BRDA:21,5,1,1
BRDA:21,6,0,7
BRDA:21,6,1,7
BRDA:28,7,0,1
BRDA:28,7,1,7
BRDA:28,8,0,8
BRDA:28,8,1,8
BRDA:31,9,0,6
BRDA:31,9,1,1
BRDA:31,10,0,7
BRDA:31,10,1,7
BRDA:37,11,0,1
BRDA:37,11,1,7
BRDA:37,12,0,8
BRDA:37,12,1,8
BRDA:40,13,0,4
BRDA:40,13,1,3
BRDA:40,14,0,7
BRDA:40,14,1,7
BRDA:46,15,0,1
BRDA:46,15,1,5
BRDA:46,16,0,6
BRDA:46,16,1,6
BRDA:49,17,0,4
BRDA:49,17,1,1
BRDA:49,18,0,5
BRDA:49,18,1,5
BRF:39
BRH:39
end_of_record
TN:
SF:validation\validatorDataSrc.js
FN:4,(anonymous_0)
FN:5,ValidatorDataSrc
FN:7,(anonymous_2)
FNF:3
FNH:2
FNDA:1,(anonymous_0)
FNDA:0,ValidatorDataSrc
FNDA:2,(anonymous_2)
DA:2,1
DA:3,1
DA:4,1
DA:7,1
DA:8,2
DA:9,1
DA:10,1
DA:12,1
DA:14,1
LF:9
LH:9
BRDA:8,0,0,1
BRDA:8,0,1,1
BRDA:8,1,0,2
BRDA:8,1,1,2
BRF:4
BRH:4
end_of_record
